
20 2025-08-09 15:14:34: INFO: update.py: Starting update check for Akinus21/supreme_research_mcp...
40 2025-08-09 15:14:34: ERROR: update.py: Failed to get latest release info: 404 Client Error: Not Found for url: https://api.github.com/repos/Akinus21/supreme_research_mcp/releases/latest
30 2025-08-09 15:14:34: WARNING: update.py: Could not determine versions, skipping update.
20 2025-08-09 15:16:23: INFO: tools.py: Performing deep search for query: significance of the ongoing ICE Raids with max results: 5
40 2025-08-09 15:16:23: ERROR: tools.py: Deep search failed: CORE_API_KEY environment variable is not set.
20 2025-08-09 15:17:50: INFO: tools.py: Performing deep search for query: history of the battle of kettle creek in Georgia with max results: 5
40 2025-08-09 15:17:50: ERROR: tools.py: Deep search failed: CORE_API_KEY environment variable is not set.
20 2025-08-09 15:17:52: INFO: tools.py: Performing deep search for query: history of the battle of kettle creek in Georgia detailed with max results: 10
40 2025-08-09 15:17:52: ERROR: tools.py: Deep search failed: CORE_API_KEY environment variable is not set.
20 2025-08-09 15:17:54: INFO: tools.py: Performing deep search for query: history detailed Battle of Kettle Creek Georgia American Revolution with max results: 10
40 2025-08-09 15:17:54: ERROR: tools.py: Deep search failed: CORE_API_KEY environment variable is not set.
20 2025-08-09 15:20:12: INFO: update.py: Starting update check for Akinus21/supreme_research_mcp...
40 2025-08-09 15:20:13: ERROR: update.py: Failed to get latest release info: 404 Client Error: Not Found for url: https://api.github.com/repos/Akinus21/supreme_research_mcp/releases/latest
30 2025-08-09 15:20:13: WARNING: update.py: Could not determine versions, skipping update.
20 2025-08-09 15:20:35: INFO: tools.py: Performing deep search for query: history of the battle of kettle creek in georgia american revolution with max results: 5
40 2025-08-09 15:20:35: ERROR: tools.py: Deep search failed: CORE_API_KEY environment variable is not set.
20 2025-08-09 15:20:39: INFO: tools.py: Performing deep search for query: Battle of Kettle Creek American Revolution key figures with max results: 5
40 2025-08-09 15:20:39: ERROR: tools.py: Deep search failed: CORE_API_KEY environment variable is not set.
20 2025-08-09 15:20:41: INFO: tools.py: Performing deep search for query: Battle of Kettle Creek Georgia historical accounts with max results: 5
40 2025-08-09 15:20:41: ERROR: tools.py: Deep search failed: CORE_API_KEY environment variable is not set.
20 2025-08-09 15:24:17: INFO: update.py: Starting update check for Akinus21/supreme_research_mcp...
40 2025-08-09 15:24:18: ERROR: update.py: Failed to get latest release info: 404 Client Error: Not Found for url: https://api.github.com/repos/Akinus21/supreme_research_mcp/releases/latest
30 2025-08-09 15:24:18: WARNING: update.py: Could not determine versions, skipping update.
20 2025-08-09 15:24:47: INFO: tools.py: Performing deep search for query: history of the Battle of Kettle Creek in Georgia during the American Revolutionary War with max results: 5
40 2025-08-09 15:24:53: ERROR: tools.py: Deep search failed: 500 Server Error: Internal Server Error for url: https://api.core.ac.uk/v3/search/works/?q=history+of+the+Battle+of+Kettle+Creek+in+Georgia+during+the+American+Revolutionary+War&page=1&pageSize=5&metadata=true
20 2025-08-09 15:24:58: INFO: tools.py: Performing deep search for query: history of the Battle of Kettle Creek in Georgia during the American Revolutionary War with max results: 5
40 2025-08-09 15:25:05: ERROR: tools.py: Deep search failed: 500 Server Error: Internal Server Error for url: https://api.core.ac.uk/v3/search/works/?q=history+of+the+Battle+of+Kettle+Creek+in+Georgia+during+the+American+Revolutionary+War&page=1&pageSize=5&metadata=true
20 2025-08-09 15:25:09: INFO: tools.py: Performing deep search for query: Battle of Kettle Creek during the American Revolutionary War with max results: 5
40 2025-08-09 15:25:12: ERROR: tools.py: Deep search failed: 500 Server Error: Internal Server Error for url: https://api.core.ac.uk/v3/search/works/?q=Battle+of+Kettle+Creek+during+the+American+Revolutionary+War&page=1&pageSize=5&metadata=true
20 2025-08-09 15:26:32: INFO: tools.py: Performing deep search for query: Battle of Kettle Creek Georgia American Revolutionary War with max results: 5
40 2025-08-09 15:26:40: ERROR: tools.py: Deep search failed: ('Received response with content-encoding: br, but failed to decode it.', error('BrotliDecoderDecompressStream failed while processing the stream'))
20 2025-08-09 15:26:44: INFO: tools.py: Performing deep search for query: Battle of Kettle Creek American Revolutionary War historical accounts with max results: 5
40 2025-08-09 15:26:50: ERROR: tools.py: Deep search failed: ('Received response with content-encoding: br, but failed to decode it.', error('BrotliDecoderDecompressStream failed while processing the stream'))
20 2025-08-09 15:28:32: INFO: update.py: Starting update check for Akinus21/supreme_research_mcp...
40 2025-08-09 15:28:32: ERROR: update.py: Failed to get latest release info: 404 Client Error: Not Found for url: https://api.github.com/repos/Akinus21/supreme_research_mcp/releases/latest
30 2025-08-09 15:28:32: WARNING: update.py: Could not determine versions, skipping update.
20 2025-08-09 15:28:45: INFO: update.py: Starting update check for Akinus21/supreme_research_mcp...
40 2025-08-09 15:28:45: ERROR: update.py: Failed to get latest release info: 404 Client Error: Not Found for url: https://api.github.com/repos/Akinus21/supreme_research_mcp/releases/latest
30 2025-08-09 15:28:45: WARNING: update.py: Could not determine versions, skipping update.
20 2025-08-09 15:29:01: INFO: tools.py: Performing deep search for query: Battle of Kettle Creek Georgia American Revolutionary War with max results: 5
40 2025-08-09 15:29:04: ERROR: tools.py: Deep search failed: 500 Server Error: Internal Server Error for url: https://api.core.ac.uk/v3/search/works/?q=Battle+of+Kettle+Creek+Georgia+American+Revolutionary+War&page=1&pageSize=5&metadata=true
20 2025-08-09 15:29:12: INFO: tools.py: Performing deep search for query: Battle of Kettle Creek with max results: 5
40 2025-08-09 15:29:17: ERROR: tools.py: Deep search failed: 500 Server Error: Internal Server Error for url: https://api.core.ac.uk/v3/search/works/?q=Battle+of+Kettle+Creek&page=1&pageSize=5&metadata=true
20 2025-08-09 15:29:24: INFO: tools.py: Performing deep search for query: Battle of Kettle Creek with max results: 5
40 2025-08-09 15:29:28: ERROR: tools.py: Deep search failed: ('Received response with content-encoding: br, but failed to decode it.', error('BrotliDecoderDecompressStream failed while processing the stream'))
20 2025-08-09 15:33:12: INFO: update.py: Starting update check for Akinus21/supreme_research_mcp...
40 2025-08-09 15:33:12: ERROR: update.py: Failed to get latest release info: 404 Client Error: Not Found for url: https://api.github.com/repos/Akinus21/supreme_research_mcp/releases/latest
30 2025-08-09 15:33:12: WARNING: update.py: Could not determine versions, skipping update.
20 2025-08-09 15:33:36: INFO: tools.py: Performing deep search for query: Battle of Kettle Creek Georgia American Revolutionary War with max results: 10
20 2025-08-09 15:33:43: INFO: tools.py: Deep search completed for query: Battle of Kettle Creek Georgia American Revolutionary War
20 2025-08-09 15:36:13: INFO: update.py: Starting update check for Akinus21/supreme_research_mcp...
40 2025-08-09 15:36:13: ERROR: update.py: Failed to get latest release info: 404 Client Error: Not Found for url: https://api.github.com/repos/Akinus21/supreme_research_mcp/releases/latest
30 2025-08-09 15:36:13: WARNING: update.py: Could not determine versions, skipping update.
20 2025-08-09 15:37:42: INFO: tools.py: Performing deep search for query: In systems engineering, how to complete a risk register with max results: 5
40 2025-08-09 15:37:43: ERROR: search.py: brave_search failed: ('Received response with content-encoding: br, but failed to decode it.', error('BrotliDecoderDecompressStream failed while processing the stream'))
40 2025-08-09 15:37:47: ERROR: search.py: core_search failed: 500 Server Error: Internal Server Error for url: https://api.core.ac.uk/v3/search/works/?q=In+systems+engineering%2C+how+to+complete+a+risk+register&page=1&pageSize=5&metadata=true
20 2025-08-09 15:37:47: INFO: tools.py: Deep search completed for query: In systems engineering, how to complete a risk register
20 2025-08-09 15:40:22: INFO: update.py: Starting update check for Akinus21/supreme_research_mcp...
40 2025-08-09 15:40:22: ERROR: update.py: Failed to get latest release info: 404 Client Error: Not Found for url: https://api.github.com/repos/Akinus21/supreme_research_mcp/releases/latest
30 2025-08-09 15:40:22: WARNING: update.py: Could not determine versions, skipping update.
20 2025-08-09 15:41:04: INFO: tools.py: Performing deep search for query: In systems engineering, how to complete a risk register with max results: 5
20 2025-08-09 15:41:04: INFO: search.py: arxiv_search completed for query: In systems engineering, how to complete a risk register
40 2025-08-09 15:41:05: ERROR: search.py: brave_search failed: ('Received response with content-encoding: br, but failed to decode it.', error('BrotliDecoderDecompressStream failed while processing the stream'))
20 2025-08-09 15:41:10: INFO: search.py: core_search completed for query: In systems engineering, how to complete a risk register
20 2025-08-09 15:41:10: INFO: tools.py: Deep search completed for query: In systems engineering, how to complete a risk register
20 2025-08-09 15:44:20: INFO: update.py: Starting update check for Akinus21/supreme_research_mcp...
40 2025-08-09 15:44:20: ERROR: update.py: Failed to get latest release info: 404 Client Error: Not Found for url: https://api.github.com/repos/Akinus21/supreme_research_mcp/releases/latest
30 2025-08-09 15:44:20: WARNING: update.py: Could not determine versions, skipping update.
20 2025-08-09 15:44:46: INFO: tools.py: Performing deep search for query: In systems engineering, how to complete a risk register with max results: 5
20 2025-08-09 15:44:46: INFO: search.py: arxiv_search completed for query: In systems engineering, how to complete a risk register
20 2025-08-09 15:44:47: INFO: search.py: brave_search completed for query: In systems engineering, how to complete a risk register
40 2025-08-09 15:44:55: ERROR: search.py: core_search failed: 500 Server Error: Internal Server Error for url: https://api.core.ac.uk/v3/search/works/?q=In+systems+engineering%2C+how+to+complete+a+risk+register&page=1&pageSize=5&metadata=true
20 2025-08-09 15:44:55: INFO: tools.py: Deep search completed for query: In systems engineering, how to complete a risk register
20 2025-08-09 15:55:37: INFO: update.py: Starting update check for Akinus21/supreme_research_mcp...
40 2025-08-09 15:55:37: ERROR: update.py: Failed to get latest release info: 404 Client Error: Not Found for url: https://api.github.com/repos/Akinus21/supreme_research_mcp/releases/latest
30 2025-08-09 15:55:37: WARNING: update.py: Could not determine versions, skipping update.
20 2025-08-09 15:57:15: INFO: tools.py: Performing deep search for query: In systems engineering, how do I complete a risk register with max results: 10
40 2025-08-09 15:57:15: ERROR: search.py: brave_search failed: 429 Client Error: Too Many Requests for url: https://search.brave.com/search?q=In+systems+engineering%2C+how+do+I+complete+a+risk+register&page=1
20 2025-08-09 15:57:16: INFO: search.py: arxiv_search completed for query: In systems engineering, how do I complete a risk register
40 2025-08-09 15:57:21: ERROR: search.py: core_search failed: 500 Server Error: Internal Server Error for url: https://api.core.ac.uk/v3/search/works/?q=In+systems+engineering%2C+how+do+I+complete+a+risk+register&page=1&pageSize=10&metadata=true
40 2025-08-09 15:57:21: ERROR: tools.py: Deep search failed: 'module' object is not callable
